<?xml version="1.0" encoding="UTF-8" standalone="no"?>
<testsuite failures="0" name="cucumber.runtime.formatter.JUnitFormatter" skipped="0" tests="1" time="31.231798">
<testcase classname="HotelApp Application Testing" name="Successful login into HotelApp" time="31.231798">
<system-out><![CDATA[Given User is on the HotelApp homepage......................................passed
When User enters the username and password..................................passed
And clicks on the login button..............................................passed
Then Verify the login status................................................passed
]]></system-out>
</testcase>
</testsuite>
